2019-04-16 14:13:33,627 INFO 81334 [egg:logger] init all loggers with options: {"dir":"/Users/yuanyuanmiao/Documents/temp/egg-example/logs/egg-example","encoding":"utf8","env":"local","level":"INFO","consoleLevel":"INFO","disableConsoleAfterReady":false,"outputJSON":false,"buffer":true,"appLogName":"egg-example-web.log","coreLogName":"egg-web.log","agentLogName":"egg-agent.log","errorLogName":"common-error.log","coreLogger":{"consoleLevel":"WARN"},"allowDebugAtProd":false,"type":"application"}
2019-04-16 14:13:33,652 INFO 81334 [egg-multipart] stream mode enable
2019-04-16 14:13:33,721 INFO 81334 [egg-static] starting static serve /public/ -> /Users/yuanyuanmiao/Documents/temp/egg-example/app/public
2019-04-16 14:13:33,724 INFO 81334 [egg-security] use methodnoallow middleware
2019-04-16 14:13:33,725 INFO 81334 [egg-security] use noopen middleware
2019-04-16 14:13:33,725 INFO 81334 [egg-security] use nosniff middleware
2019-04-16 14:13:33,726 INFO 81334 [egg-security] use xssProtection middleware
2019-04-16 14:13:33,726 INFO 81334 [egg-security] use xframe middleware
2019-04-16 14:13:33,727 INFO 81334 [egg-security] use dta middleware
2019-04-16 14:13:33,727 INFO 81334 [egg-security] compose 6 middlewares into one security middleware
2019-04-16 14:13:33,737 INFO 81334 [egg:core] dump config after load, 4ms
2019-04-16 14:13:33,750 INFO 81334 [egg-watcher:application] watcher start success
2019-04-16 14:13:33,755 INFO 81334 [egg:core] dump config after ready, 3ms
2019-04-16 16:39:31,856 INFO 81645 [egg:logger] init all loggers with options: {"dir":"/Users/yuanyuanmiao/Documents/temp/egg-example/logs/egg-example","encoding":"utf8","env":"local","level":"INFO","consoleLevel":"INFO","disableConsoleAfterReady":false,"outputJSON":false,"buffer":true,"appLogName":"egg-example-web.log","coreLogName":"egg-web.log","agentLogName":"egg-agent.log","errorLogName":"common-error.log","coreLogger":{"consoleLevel":"WARN"},"allowDebugAtProd":false,"type":"application"}
2019-04-16 16:39:31,891 INFO 81645 [egg-multipart] stream mode enable
2019-04-16 16:39:31,964 INFO 81645 [egg-static] starting static serve /public/ -> /Users/yuanyuanmiao/Documents/temp/egg-example/app/public
2019-04-16 16:39:31,966 INFO 81645 [egg-security] use methodnoallow middleware
2019-04-16 16:39:31,966 INFO 81645 [egg-security] use noopen middleware
2019-04-16 16:39:31,967 INFO 81645 [egg-security] use nosniff middleware
2019-04-16 16:39:31,968 INFO 81645 [egg-security] use xssProtection middleware
2019-04-16 16:39:31,969 INFO 81645 [egg-security] use xframe middleware
2019-04-16 16:39:31,970 INFO 81645 [egg-security] use dta middleware
2019-04-16 16:39:31,970 INFO 81645 [egg-security] compose 6 middlewares into one security middleware
2019-04-16 16:39:31,981 INFO 81645 [egg:core] dump config after load, 4ms
2019-04-16 16:39:31,997 INFO 81645 [egg-watcher:application] watcher start success
2019-04-16 16:39:32,008 INFO 81645 [egg:core] dump config after ready, 4ms
2019-04-16 22:10:09,322 WARN 81645 [ClusterClient:Watcher] follower closed, and try to init it again
2019-04-16 22:37:54,911 WARN 81645 [ClusterClient:Watcher] follower closed, and try to init it again
2019-04-16 22:53:02,407 WARN 81645 [ClusterClient:Watcher] follower closed, and try to init it again
2019-04-16 23:09:41,319 WARN 81645 [TCPBase] socket is closed by other side while there were still unhandled data in the socket buffer
2019-04-16 23:09:41,319 WARN 81645 [ClusterClient:Watcher] follower closed, and try to init it again
2019-04-16 23:28:57,865 WARN 81645 [ClusterClient:Watcher] follower closed, and try to init it again
2019-04-16 23:45:07,464 WARN 81645 [ClusterClient:Watcher] follower closed, and try to init it again
2019-04-17 00:08:58,286 WARN 81645 [TCPBase] socket is closed by other side while there were still unhandled data in the socket buffer
2019-04-17 00:08:58,287 WARN 81645 [ClusterClient:Watcher] follower closed, and try to init it again
2019-04-17 00:21:39,911 WARN 81645 [ClusterClient:Watcher] follower closed, and try to init it again
2019-04-17 00:48:21,765 WARN 81645 [ClusterClient:Watcher] follower closed, and try to init it again
2019-04-17 00:54:39,385 WARN 81645 [ClusterClient:Watcher] follower closed, and try to init it again
2019-04-17 01:24:24,015 WARN 81645 [ClusterClient:Watcher] follower closed, and try to init it again
2019-04-17 01:26:24,651 WARN 81645 [TCPBase] socket is closed by other side while there were still unhandled data in the socket buffer
2019-04-17 01:26:24,657 WARN 81645 [ClusterClient:Watcher] follower closed, and try to init it again
2019-04-17 02:03:27,288 WARN 81645 [ClusterClient:Watcher] follower closed, and try to init it again
2019-04-17 02:12:40,928 WARN 81645 [ClusterClient:Watcher] follower closed, and try to init it again
2019-04-17 02:37:16,538 WARN 81645 [ClusterClient:Watcher] follower closed, and try to init it again
2019-04-17 02:50:44,170 WARN 81645 [TCPBase] socket is closed by other side while there were still unhandled data in the socket buffer
2019-04-17 02:50:44,171 WARN 81645 [ClusterClient:Watcher] follower closed, and try to init it again
2019-04-17 03:10:03,786 WARN 81645 [ClusterClient:Watcher] follower closed, and try to init it again
2019-04-17 03:27:04,415 WARN 81645 [ClusterClient:Watcher] follower closed, and try to init it again
2019-04-17 03:47:55,045 WARN 81645 [ClusterClient:Watcher] follower closed, and try to init it again
2019-04-17 03:56:22,664 WARN 81645 [TCPBase] socket is closed by other side while there were still unhandled data in the socket buffer
2019-04-17 03:56:22,664 WARN 81645 [ClusterClient:Watcher] follower closed, and try to init it again
2019-04-17 04:22:38,004 WARN 81645 [ClusterClient:Watcher] follower closed, and try to init it again
2019-04-17 04:31:32,630 WARN 81645 [ClusterClient:Watcher] follower closed, and try to init it again
2019-04-17 05:01:26,244 WARN 81645 [ClusterClient:Watcher] follower closed, and try to init it again
2019-04-17 05:06:35,875 WARN 81645 [ClusterClient:Watcher] follower closed, and try to init it again
2019-04-17 05:37:56,494 WARN 81645 [ClusterClient:Watcher] follower closed, and try to init it again
2019-04-17 05:53:22,114 WARN 81645 [ClusterClient:Watcher] follower closed, and try to init it again
2019-04-17 06:13:46,732 WARN 81645 [ClusterClient:Watcher] follower closed, and try to init it again
2019-04-17 06:22:44,357 WARN 81645 [ClusterClient:Watcher] follower closed, and try to init it again
2019-04-17 06:48:02,835 WARN 81645 [ClusterClient:Watcher] follower closed, and try to init it again
2019-04-17 06:57:44,401 WARN 81645 [ClusterClient:Watcher] follower closed, and try to init it again
2019-04-17 07:23:20,025 WARN 81645 [TCPBase] socket is closed by other side while there were still unhandled data in the socket buffer
2019-04-17 07:23:20,025 WARN 81645 [ClusterClient:Watcher] follower closed, and try to init it again
2019-04-17 07:29:27,641 WARN 81645 [ClusterClient:Watcher] follower closed, and try to init it again
2019-04-17 07:55:06,283 WARN 81645 [TCPBase] socket is closed by other side while there were still unhandled data in the socket buffer
2019-04-17 07:55:06,284 WARN 81645 [ClusterClient:Watcher] follower closed, and try to init it again
2019-04-17 08:02:44,927 WARN 81645 [ClusterClient:Watcher] follower closed, and try to init it again
2019-04-17 08:32:28,559 WARN 81645 [ClusterClient:Watcher] follower closed, and try to init it again
2019-04-17 08:46:16,282 WARN 81645 [TCPBase] socket is closed by other side while there were still unhandled data in the socket buffer
2019-04-17 08:46:16,283 WARN 81645 [ClusterClient:Watcher] follower closed, and try to init it again
2019-04-17 09:04:57,907 WARN 81645 [ClusterClient:Watcher] follower closed, and try to init it again
2019-04-17 09:17:19,529 WARN 81645 [ClusterClient:Watcher] follower closed, and try to init it again
2019-04-17 09:40:30,283 WARN 81645 [TCPBase] socket is closed by other side while there were still unhandled data in the socket buffer
2019-04-17 09:40:30,283 WARN 81645 [ClusterClient:Watcher] follower closed, and try to init it again
2019-04-17 09:42:12,524 WARN 81645 [ClusterClient:Watcher] follower closed, and try to init it again
